GNU Make 3.81
Copyright (C) 2006  Free Software Foundation, Inc.
This is free software; see the source for copying conditions.
There is NO warranty; not even for MERCHANTABILITY or FITNESS FOR A
PARTICULAR PURPOSE.

This program built for i386-apple-darwin11.3.0
Reading makefiles...
Reading makefile `Makefile'...
Updating makefiles....
 Considering target file `Makefile'.
  Looking for an implicit rule for `Makefile'.
  Trying pattern rule with stem `Makefile'.
  Trying implicit prerequisite `Makefile.o'.
  Trying pattern rule with stem `Makefile'.
  Trying implicit prerequisite `Makefile.c'.
  Trying pattern rule with stem `Makefile'.
  Trying implicit prerequisite `Makefile.cc'.
  Trying pattern rule with stem `Makefile'.
  Trying implicit prerequisite `Makefile.C'.
  Trying pattern rule with stem `Makefile'.
  Trying implicit prerequisite `Makefile.cpp'.
  Trying pattern rule with stem `Makefile'.
  Trying implicit prerequisite `Makefile.p'.
  Trying pattern rule with stem `Makefile'.
  Trying implicit prerequisite `Makefile.f'.
  Trying pattern rule with stem `Makefile'.
  Trying implicit prerequisite `Makefile.F'.
  Trying pattern rule with stem `Makefile'.
  Trying implicit prerequisite `Makefile.m'.
  Trying pattern rule with stem `Makefile'.
  Trying implicit prerequisite `Makefile.r'.
  Trying pattern rule with stem `Makefile'.
  Trying implicit prerequisite `Makefile.s'.
  Trying pattern rule with stem `Makefile'.
  Trying implicit prerequisite `Makefile.S'.
  Trying pattern rule with stem `Makefile'.
  Trying implicit prerequisite `Makefile.mod'.
  Trying pattern rule with stem `Makefile'.
  Trying implicit prerequisite `Makefile.sh'.
  Trying pattern rule with stem `Makefile'.
  Trying implicit prerequisite `Makefile,v'.
  Trying pattern rule with stem `Makefile'.
  Trying implicit prerequisite `RCS/Makefile,v'.
  Trying pattern rule with stem `Makefile'.
  Trying implicit prerequisite `RCS/Makefile'.
  Trying pattern rule with stem `Makefile'.
  Trying implicit prerequisite `s.Makefile'.
  Trying pattern rule with stem `Makefile'.
  Trying implicit prerequisite `SCCS/s.Makefile'.
  Trying pattern rule with stem `Makefile'.
  Trying implicit prerequisite `Makefile.o'.
  Looking for a rule with intermediate file `Makefile.o'.
   Avoiding implicit rule recursion.
   Trying pattern rule with stem `Makefile'.
   Trying implicit prerequisite `Makefile.cpp'.
   Trying pattern rule with stem `Makefile'.
   Trying implicit prerequisite `Makefile.c'.
   Trying pattern rule with stem `Makefile'.
   Trying implicit prerequisite `Makefile.cc'.
   Trying pattern rule with stem `Makefile'.
   Trying implicit prerequisite `Makefile.C'.
   Trying pattern rule with stem `Makefile'.
   Trying implicit prerequisite `Makefile.cpp'.
   Trying pattern rule with stem `Makefile'.
   Trying implicit prerequisite `Makefile.p'.
   Trying pattern rule with stem `Makefile'.
   Trying implicit prerequisite `Makefile.f'.
   Trying pattern rule with stem `Makefile'.
   Trying implicit prerequisite `Makefile.F'.
   Trying pattern rule with stem `Makefile'.
   Trying implicit prerequisite `Makefile.m'.
   Trying pattern rule with stem `Makefile'.
   Trying implicit prerequisite `Makefile.r'.
   Trying pattern rule with stem `Makefile'.
   Trying implicit prerequisite `Makefile.s'.
   Trying pattern rule with stem `Makefile'.
   Trying implicit prerequisite `Makefile.S'.
   Trying pattern rule with stem `Makefile'.
   Trying implicit prerequisite `Makefile.mod'.
   Trying pattern rule with stem `Makefile.o'.
   Trying implicit prerequisite `Makefile.o,v'.
   Trying pattern rule with stem `Makefile.o'.
   Trying implicit prerequisite `RCS/Makefile.o,v'.
   Trying pattern rule with stem `Makefile.o'.
   Trying implicit prerequisite `RCS/Makefile.o'.
   Trying pattern rule with stem `Makefile.o'.
   Trying implicit prerequisite `s.Makefile.o'.
   Trying pattern rule with stem `Makefile.o'.
   Trying implicit prerequisite `SCCS/s.Makefile.o'.
   Trying pattern rule with stem `Makefile'.
   Trying implicit prerequisite `Makefile.cpp'.
   Looking for a rule with intermediate file `Makefile.cpp'.
    Avoiding implicit rule recursion.
    Avoiding implicit rule recursion.
    Trying pattern rule with stem `Makefile.cpp'.
    Trying implicit prerequisite `Makefile.cpp,v'.
    Trying pattern rule with stem `Makefile.cpp'.
    Trying implicit prerequisite `RCS/Makefile.cpp,v'.
    Trying pattern rule with stem `Makefile.cpp'.
    Trying implicit prerequisite `RCS/Makefile.cpp'.
    Trying pattern rule with stem `Makefile.cpp'.
    Trying implicit prerequisite `s.Makefile.cpp'.
    Trying pattern rule with stem `Makefile.cpp'.
    Trying implicit prerequisite `SCCS/s.Makefile.cpp'.
   Trying pattern rule with stem `Makefile'.
   Trying implicit prerequisite `Makefile.c'.
   Looking for a rule with intermediate file `Makefile.c'.
    Avoiding implicit rule recursion.
    Avoiding implicit rule recursion.
    Trying pattern rule with stem `Makefile'.
    Trying implicit prerequisite `Makefile.y'.
    Trying pattern rule with stem `Makefile'.
    Trying implicit prerequisite `Makefile.l'.
    Trying pattern rule with stem `Makefile'.
    Trying implicit prerequisite `Makefile.w'.
    Trying pattern rule with stem `Makefile'.
    Trying implicit prerequisite `Makefile.w'.
    Trying pattern rule with stem `Makefile.c'.
    Trying implicit prerequisite `Makefile.c,v'.
    Trying pattern rule with stem `Makefile.c'.
    Trying implicit prerequisite `RCS/Makefile.c,v'.
    Trying pattern rule with stem `Makefile.c'.
    Trying implicit prerequisite `RCS/Makefile.c'.
    Trying pattern rule with stem `Makefile.c'.
    Trying implicit prerequisite `s.Makefile.c'.
    Trying pattern rule with stem `Makefile.c'.
    Trying implicit prerequisite `SCCS/s.Makefile.c'.
    Trying pattern rule with stem `Makefile'.
    Trying implicit prerequisite `Makefile.y'.
    Looking for a rule with intermediate file `Makefile.y'.
     Avoiding implicit rule recursion.
     Avoiding implicit rule recursion.
     Avoiding implicit rule recursion.
     Trying pattern rule with stem `Makefile.y'.
     Trying implicit prerequisite `Makefile.y,v'.
     Trying pattern rule with stem `Makefile.y'.
     Trying implicit prerequisite `RCS/Makefile.y,v'.
     Trying pattern rule with stem `Makefile.y'.
     Trying implicit prerequisite `RCS/Makefile.y'.
     Trying pattern rule with stem `Makefile.y'.
     Trying implicit prerequisite `s.Makefile.y'.
     Trying pattern rule with stem `Makefile.y'.
     Trying implicit prerequisite `SCCS/s.Makefile.y'.
    Trying pattern rule with stem `Makefile'.
    Trying implicit prerequisite `Makefile.l'.
    Looking for a rule with intermediate file `Makefile.l'.
     Avoiding implicit rule recursion.
     Avoiding implicit rule recursion.
     Avoiding implicit rule recursion.
     Trying pattern rule with stem `Makefile.l'.
     Trying implicit prerequisite `Makefile.l,v'.
     Trying pattern rule with stem `Makefile.l'.
     Trying implicit prerequisite `RCS/Makefile.l,v'.
     Trying pattern rule with stem `Makefile.l'.
     Trying implicit prerequisite `RCS/Makefile.l'.
     Trying pattern rule with stem `Makefile.l'.
     Trying implicit prerequisite `s.Makefile.l'.
     Trying pattern rule with stem `Makefile.l'.
     Trying implicit prerequisite `SCCS/s.Makefile.l'.
    Trying pattern rule with stem `Makefile'.
    Trying implicit prerequisite `Makefile.w'.
    Looking for a rule with intermediate file `Makefile.w'.
     Avoiding implicit rule recursion.
     Avoiding implicit rule recursion.
     Avoiding implicit rule recursion.
     Trying pattern rule with stem `Makefile.w'.
     Trying implicit prerequisite `Makefile.w,v'.
     Trying pattern rule with stem `Makefile.w'.
     Trying implicit prerequisite `RCS/Makefile.w,v'.
     Trying pattern rule with stem `Makefile.w'.
     Trying implicit prerequisite `RCS/Makefile.w'.
     Trying pattern rule with stem `Makefile.w'.
     Trying implicit prerequisite `s.Makefile.w'.
     Trying pattern rule with stem `Makefile.w'.
     Trying implicit prerequisite `SCCS/s.Makefile.w'.
    Trying pattern rule with stem `Makefile'.
    Rejecting impossible implicit prerequisite `Makefile.w'.
   Trying pattern rule with stem `Makefile'.
   Trying implicit prerequisite `Makefile.cc'.
   Looking for a rule with intermediate file `Makefile.cc'.
    Avoiding implicit rule recursion.
    Avoiding implicit rule recursion.
    Trying pattern rule with stem `Makefile.cc'.
    Trying implicit prerequisite `Makefile.cc,v'.
    Trying pattern rule with stem `Makefile.cc'.
    Trying implicit prerequisite `RCS/Makefile.cc,v'.
    Trying pattern rule with stem `Makefile.cc'.
    Trying implicit prerequisite `RCS/Makefile.cc'.
    Trying pattern rule with stem `Makefile.cc'.
    Trying implicit prerequisite `s.Makefile.cc'.
    Trying pattern rule with stem `Makefile.cc'.
    Trying implicit prerequisite `SCCS/s.Makefile.cc'.
   Trying pattern rule with stem `Makefile'.
   Trying implicit prerequisite `Makefile.C'.
   Looking for a rule with intermediate file `Makefile.C'.
    Avoiding implicit rule recursion.
    Avoiding implicit rule recursion.
    Trying pattern rule with stem `Makefile.C'.
    Trying implicit prerequisite `Makefile.C,v'.
    Trying pattern rule with stem `Makefile.C'.
    Trying implicit prerequisite `RCS/Makefile.C,v'.
    Trying pattern rule with stem `Makefile.C'.
    Trying implicit prerequisite `RCS/Makefile.C'.
    Trying pattern rule with stem `Makefile.C'.
    Trying implicit prerequisite `s.Makefile.C'.
    Trying pattern rule with stem `Makefile.C'.
    Trying implicit prerequisite `SCCS/s.Makefile.C'.
   Trying pattern rule with stem `Makefile'.
   Rejecting impossible implicit prerequisite `Makefile.cpp'.
   Trying pattern rule with stem `Makefile'.
   Trying implicit prerequisite `Makefile.p'.
   Looking for a rule with intermediate file `Makefile.p'.
    Avoiding implicit rule recursion.
    Avoiding implicit rule recursion.
    Trying pattern rule with stem `Makefile'.
    Trying implicit prerequisite `Makefile.web'.
    Trying pattern rule with stem `Makefile.p'.
    Trying implicit prerequisite `Makefile.p,v'.
    Trying pattern rule with stem `Makefile.p'.
    Trying implicit prerequisite `RCS/Makefile.p,v'.
    Trying pattern rule with stem `Makefile.p'.
    Trying implicit prerequisite `RCS/Makefile.p'.
    Trying pattern rule with stem `Makefile.p'.
    Trying implicit prerequisite `s.Makefile.p'.
    Trying pattern rule with stem `Makefile.p'.
    Trying implicit prerequisite `SCCS/s.Makefile.p'.
    Trying pattern rule with stem `Makefile'.
    Trying implicit prerequisite `Makefile.web'.
    Looking for a rule with intermediate file `Makefile.web'.
     Avoiding implicit rule recursion.
     Avoiding implicit rule recursion.
     Avoiding implicit rule recursion.
     Trying pattern rule with stem `Makefile.web'.
     Trying implicit prerequisite `Makefile.web,v'.
     Trying pattern rule with stem `Makefile.web'.
     Trying implicit prerequisite `RCS/Makefile.web,v'.
     Trying pattern rule with stem `Makefile.web'.
     Trying implicit prerequisite `RCS/Makefile.web'.
     Trying pattern rule with stem `Makefile.web'.
     Trying implicit prerequisite `s.Makefile.web'.
     Trying pattern rule with stem `Makefile.web'.
     Trying implicit prerequisite `SCCS/s.Makefile.web'.
   Trying pattern rule with stem `Makefile'.
   Trying implicit prerequisite `Makefile.f'.
   Looking for a rule with intermediate file `Makefile.f'.
    Avoiding implicit rule recursion.
    Avoiding implicit rule recursion.
    Trying pattern rule with stem `Makefile'.
    Trying implicit prerequisite `Makefile.F'.
    Trying pattern rule with stem `Makefile'.
    Trying implicit prerequisite `Makefile.r'.
    Trying pattern rule with stem `Makefile.f'.
    Trying implicit prerequisite `Makefile.f,v'.
    Trying pattern rule with stem `Makefile.f'.
    Trying implicit prerequisite `RCS/Makefile.f,v'.
    Trying pattern rule with stem `Makefile.f'.
    Trying implicit prerequisite `RCS/Makefile.f'.
    Trying pattern rule with stem `Makefile.f'.
    Trying implicit prerequisite `s.Makefile.f'.
    Trying pattern rule with stem `Makefile.f'.
    Trying implicit prerequisite `SCCS/s.Makefile.f'.
    Trying pattern rule with stem `Makefile'.
    Trying implicit prerequisite `Makefile.F'.
    Looking for a rule with intermediate file `Makefile.F'.
     Avoiding implicit rule recursion.
     Avoiding implicit rule recursion.
     Avoiding implicit rule recursion.
     Trying pattern rule with stem `Makefile.F'.
     Trying implicit prerequisite `Makefile.F,v'.
     Trying pattern rule with stem `Makefile.F'.
     Trying implicit prerequisite `RCS/Makefile.F,v'.
     Trying pattern rule with stem `Makefile.F'.
     Trying implicit prerequisite `RCS/Makefile.F'.
     Trying pattern rule with stem `Makefile.F'.
     Trying implicit prerequisite `s.Makefile.F'.
     Trying pattern rule with stem `Makefile.F'.
     Trying implicit prerequisite `SCCS/s.Makefile.F'.
    Trying pattern rule with stem `Makefile'.
    Trying implicit prerequisite `Makefile.r'.
    Looking for a rule with intermediate file `Makefile.r'.
     Avoiding implicit rule recursion.
     Avoiding implicit rule recursion.
     Avoiding implicit rule recursion.
     Trying pattern rule with stem `Makefile'.
     Rejecting impossible implicit prerequisite `Makefile.l'.
     Trying pattern rule with stem `Makefile.r'.
     Trying implicit prerequisite `Makefile.r,v'.
     Trying pattern rule with stem `Makefile.r'.
     Trying implicit prerequisite `RCS/Makefile.r,v'.
     Trying pattern rule with stem `Makefile.r'.
     Trying implicit prerequisite `RCS/Makefile.r'.
     Trying pattern rule with stem `Makefile.r'.
     Trying implicit prerequisite `s.Makefile.r'.
     Trying pattern rule with stem `Makefile.r'.
     Trying implicit prerequisite `SCCS/s.Makefile.r'.
   Trying pattern rule with stem `Makefile'.
   Rejecting impossible implicit prerequisite `Makefile.F'.
   Trying pattern rule with stem `Makefile'.
   Trying implicit prerequisite `Makefile.m'.
   Looking for a rule with intermediate file `Makefile.m'.
    Avoiding implicit rule recursion.
    Avoiding implicit rule recursion.
    Trying pattern rule with stem `Makefile'.
    Trying implicit prerequisite `Makefile.ym'.
    Trying pattern rule with stem `Makefile'.
    Trying implicit prerequisite `Makefile.lm'.
    Trying pattern rule with stem `Makefile.m'.
    Trying implicit prerequisite `Makefile.m,v'.
    Trying pattern rule with stem `Makefile.m'.
    Trying implicit prerequisite `RCS/Makefile.m,v'.
    Trying pattern rule with stem `Makefile.m'.
    Trying implicit prerequisite `RCS/Makefile.m'.
    Trying pattern rule with stem `Makefile.m'.
    Trying implicit prerequisite `s.Makefile.m'.
    Trying pattern rule with stem `Makefile.m'.
    Trying implicit prerequisite `SCCS/s.Makefile.m'.
    Trying pattern rule with stem `Makefile'.
    Trying implicit prerequisite `Makefile.ym'.
    Looking for a rule with intermediate file `Makefile.ym'.
     Avoiding implicit rule recursion.
     Avoiding implicit rule recursion.
     Avoiding implicit rule recursion.
     Trying pattern rule with stem `Makefile.ym'.
     Trying implicit prerequisite `Makefile.ym,v'.
     Trying pattern rule with stem `Makefile.ym'.
     Trying implicit prerequisite `RCS/Makefile.ym,v'.
     Trying pattern rule with stem `Makefile.ym'.
     Trying implicit prerequisite `RCS/Makefile.ym'.
     Trying pattern rule with stem `Makefile.ym'.
     Trying implicit prerequisite `s.Makefile.ym'.
     Trying pattern rule with stem `Makefile.ym'.
     Trying implicit prerequisite `SCCS/s.Makefile.ym'.
    Trying pattern rule with stem `Makefile'.
    Trying implicit prerequisite `Makefile.lm'.
    Looking for a rule with intermediate file `Makefile.lm'.
     Avoiding implicit rule recursion.
     Avoiding implicit rule recursion.
     Avoiding implicit rule recursion.
     Trying pattern rule with stem `Makefile.lm'.
     Trying implicit prerequisite `Makefile.lm,v'.
     Trying pattern rule with stem `Makefile.lm'.
     Trying implicit prerequisite `RCS/Makefile.lm,v'.
     Trying pattern rule with stem `Makefile.lm'.
     Trying implicit prerequisite `RCS/Makefile.lm'.
     Trying pattern rule with stem `Makefile.lm'.
     Trying implicit prerequisite `s.Makefile.lm'.
     Trying pattern rule with stem `Makefile.lm'.
     Trying implicit prerequisite `SCCS/s.Makefile.lm'.
   Trying pattern rule with stem `Makefile'.
   Rejecting impossible implicit prerequisite `Makefile.r'.
   Trying pattern rule with stem `Makefile'.
   Trying implicit prerequisite `Makefile.s'.
   Looking for a rule with intermediate file `Makefile.s'.
    Avoiding implicit rule recursion.
    Avoiding implicit rule recursion.
    Trying pattern rule with stem `Makefile'.
    Trying implicit prerequisite `Makefile.S'.
    Trying pattern rule with stem `Makefile.s'.
    Trying implicit prerequisite `Makefile.s,v'.
    Trying pattern rule with stem `Makefile.s'.
    Trying implicit prerequisite `RCS/Makefile.s,v'.
    Trying pattern rule with stem `Makefile.s'.
    Trying implicit prerequisite `RCS/Makefile.s'.
    Trying pattern rule with stem `Makefile.s'.
    Trying implicit prerequisite `s.Makefile.s'.
    Trying pattern rule with stem `Makefile.s'.
    Trying implicit prerequisite `SCCS/s.Makefile.s'.
    Trying pattern rule with stem `Makefile'.
    Trying implicit prerequisite `Makefile.S'.
    Looking for a rule with intermediate file `Makefile.S'.
     Avoiding implicit rule recursion.
     Avoiding implicit rule recursion.
     Avoiding implicit rule recursion.
     Trying pattern rule with stem `Makefile.S'.
     Trying implicit prerequisite `Makefile.S,v'.
     Trying pattern rule with stem `Makefile.S'.
     Trying implicit prerequisite `RCS/Makefile.S,v'.
     Trying pattern rule with stem `Makefile.S'.
     Trying implicit prerequisite `RCS/Makefile.S'.
     Trying pattern rule with stem `Makefile.S'.
     Trying implicit prerequisite `s.Makefile.S'.
     Trying pattern rule with stem `Makefile.S'.
     Trying implicit prerequisite `SCCS/s.Makefile.S'.
   Trying pattern rule with stem `Makefile'.
   Rejecting impossible implicit prerequisite `Makefile.S'.
   Trying pattern rule with stem `Makefile'.
   Trying implicit prerequisite `Makefile.mod'.
   Looking for a rule with intermediate file `Makefile.mod'.
    Avoiding implicit rule recursion.
    Avoiding implicit rule recursion.
    Trying pattern rule with stem `Makefile.mod'.
    Trying implicit prerequisite `Makefile.mod,v'.
    Trying pattern rule with stem `Makefile.mod'.
    Trying implicit prerequisite `RCS/Makefile.mod,v'.
    Trying pattern rule with stem `Makefile.mod'.
    Trying implicit prerequisite `RCS/Makefile.mod'.
    Trying pattern rule with stem `Makefile.mod'.
    Trying implicit prerequisite `s.Makefile.mod'.
    Trying pattern rule with stem `Makefile.mod'.
    Trying implicit prerequisite `SCCS/s.Makefile.mod'.
  Trying pattern rule with stem `Makefile'.
  Rejecting impossible implicit prerequisite `Makefile.c'.
  Trying pattern rule with stem `Makefile'.
  Rejecting impossible implicit prerequisite `Makefile.cc'.
  Trying pattern rule with stem `Makefile'.
  Rejecting impossible implicit prerequisite `Makefile.C'.
  Trying pattern rule with stem `Makefile'.
  Rejecting impossible implicit prerequisite `Makefile.cpp'.
  Trying pattern rule with stem `Makefile'.
  Rejecting impossible implicit prerequisite `Makefile.p'.
  Trying pattern rule with stem `Makefile'.
  Rejecting impossible implicit prerequisite `Makefile.f'.
  Trying pattern rule with stem `Makefile'.
  Rejecting impossible implicit prerequisite `Makefile.F'.
  Trying pattern rule with stem `Makefile'.
  Rejecting impossible implicit prerequisite `Makefile.m'.
  Trying pattern rule with stem `Makefile'.
  Rejecting impossible implicit prerequisite `Makefile.r'.
  Trying pattern rule with stem `Makefile'.
  Rejecting impossible implicit prerequisite `Makefile.s'.
  Trying pattern rule with stem `Makefile'.
  Rejecting impossible implicit prerequisite `Makefile.S'.
  Trying pattern rule with stem `Makefile'.
  Rejecting impossible implicit prerequisite `Makefile.mod'.
  Trying pattern rule with stem `Makefile'.
  Trying implicit prerequisite `Makefile.sh'.
  Looking for a rule with intermediate file `Makefile.sh'.
   Avoiding implicit rule recursion.
   Trying pattern rule with stem `Makefile.sh'.
   Trying implicit prerequisite `Makefile.sh,v'.
   Trying pattern rule with stem `Makefile.sh'.
   Trying implicit prerequisite `RCS/Makefile.sh,v'.
   Trying pattern rule with stem `Makefile.sh'.
   Trying implicit prerequisite `RCS/Makefile.sh'.
   Trying pattern rule with stem `Makefile.sh'.
   Trying implicit prerequisite `s.Makefile.sh'.
   Trying pattern rule with stem `Makefile.sh'.
   Trying implicit prerequisite `SCCS/s.Makefile.sh'.
  No implicit rule found for `Makefile'.
  Finished prerequisites of target file `Makefile'.
 No need to remake target `Makefile'.
Updating goal targets....
Considering target file `syncheck'.
 File `syncheck' does not exist.
  Considering target file `syncheck.o'.
   Looking for an implicit rule for `syncheck.o'.
   Trying pattern rule with stem `syncheck'.
   Trying implicit prerequisite `syncheck.cpp'.
   Trying rule prerequisite `tinyrexxLexer.h'.
   Trying rule prerequisite `tinyrexxParser.h'.
   Found an implicit rule for `syncheck.o'.
    Considering target file `syncheck.cpp'.
     Looking for an implicit rule for `syncheck.cpp'.
     Trying pattern rule with stem `syncheck.cpp'.
     Trying implicit prerequisite `syncheck.cpp,v'.
     Trying pattern rule with stem `syncheck.cpp'.
     Trying implicit prerequisite `RCS/syncheck.cpp,v'.
     Trying pattern rule with stem `syncheck.cpp'.
     Trying implicit prerequisite `RCS/syncheck.cpp'.
     Trying pattern rule with stem `syncheck.cpp'.
     Trying implicit prerequisite `s.syncheck.cpp'.
     Trying pattern rule with stem `syncheck.cpp'.
     Trying implicit prerequisite `SCCS/s.syncheck.cpp'.
     No implicit rule found for `syncheck.cpp'.
     Finished prerequisites of target file `syncheck.cpp'.
    No need to remake target `syncheck.cpp'.
    Considering target file `tinyrexxLexer.h'.
      Considering target file `tinyrexx.g4'.
       Looking for an implicit rule for `tinyrexx.g4'.
       Trying pattern rule with stem `tinyrexx.g4'.
       Trying implicit prerequisite `tinyrexx.g4.o'.
       Trying pattern rule with stem `tinyrexx.g4'.
       Trying implicit prerequisite `tinyrexx.g4.c'.
       Trying pattern rule with stem `tinyrexx.g4'.
       Trying implicit prerequisite `tinyrexx.g4.cc'.
       Trying pattern rule with stem `tinyrexx.g4'.
       Trying implicit prerequisite `tinyrexx.g4.C'.
       Trying pattern rule with stem `tinyrexx.g4'.
       Trying implicit prerequisite `tinyrexx.g4.cpp'.
       Trying pattern rule with stem `tinyrexx.g4'.
       Trying implicit prerequisite `tinyrexx.g4.p'.
       Trying pattern rule with stem `tinyrexx.g4'.
       Trying implicit prerequisite `tinyrexx.g4.f'.
       Trying pattern rule with stem `tinyrexx.g4'.
       Trying implicit prerequisite `tinyrexx.g4.F'.
       Trying pattern rule with stem `tinyrexx.g4'.
       Trying implicit prerequisite `tinyrexx.g4.m'.
       Trying pattern rule with stem `tinyrexx.g4'.
       Trying implicit prerequisite `tinyrexx.g4.r'.
       Trying pattern rule with stem `tinyrexx.g4'.
       Trying implicit prerequisite `tinyrexx.g4.s'.
       Trying pattern rule with stem `tinyrexx.g4'.
       Trying implicit prerequisite `tinyrexx.g4.S'.
       Trying pattern rule with stem `tinyrexx.g4'.
       Trying implicit prerequisite `tinyrexx.g4.mod'.
       Trying pattern rule with stem `tinyrexx.g4'.
       Trying implicit prerequisite `tinyrexx.g4.sh'.
       Trying pattern rule with stem `tinyrexx.g4'.
       Trying implicit prerequisite `tinyrexx.g4,v'.
       Trying pattern rule with stem `tinyrexx.g4'.
       Trying implicit prerequisite `RCS/tinyrexx.g4,v'.
       Trying pattern rule with stem `tinyrexx.g4'.
       Trying implicit prerequisite `RCS/tinyrexx.g4'.
       Trying pattern rule with stem `tinyrexx.g4'.
       Trying implicit prerequisite `s.tinyrexx.g4'.
       Trying pattern rule with stem `tinyrexx.g4'.
       Trying implicit prerequisite `SCCS/s.tinyrexx.g4'.
       Trying pattern rule with stem `tinyrexx.g4'.
       Trying implicit prerequisite `tinyrexx.g4.o'.
       Looking for a rule with intermediate file `tinyrexx.g4.o'.
        Avoiding implicit rule recursion.
        Trying pattern rule with stem `tinyrexx.g4'.
        Trying implicit prerequisite `tinyrexx.g4.cpp'.
        Trying pattern rule with stem `tinyrexx.g4'.
        Trying implicit prerequisite `tinyrexx.g4.c'.
        Trying pattern rule with stem `tinyrexx.g4'.
        Trying implicit prerequisite `tinyrexx.g4.cc'.
        Trying pattern rule with stem `tinyrexx.g4'.
        Trying implicit prerequisite `tinyrexx.g4.C'.
        Trying pattern rule with stem `tinyrexx.g4'.
        Trying implicit prerequisite `tinyrexx.g4.cpp'.
        Trying pattern rule with stem `tinyrexx.g4'.
        Trying implicit prerequisite `tinyrexx.g4.p'.
        Trying pattern rule with stem `tinyrexx.g4'.
        Trying implicit prerequisite `tinyrexx.g4.f'.
        Trying pattern rule with stem `tinyrexx.g4'.
        Trying implicit prerequisite `tinyrexx.g4.F'.
        Trying pattern rule with stem `tinyrexx.g4'.
        Trying implicit prerequisite `tinyrexx.g4.m'.
        Trying pattern rule with stem `tinyrexx.g4'.
        Trying implicit prerequisite `tinyrexx.g4.r'.
        Trying pattern rule with stem `tinyrexx.g4'.
        Trying implicit prerequisite `tinyrexx.g4.s'.
        Trying pattern rule with stem `tinyrexx.g4'.
        Trying implicit prerequisite `tinyrexx.g4.S'.
        Trying pattern rule with stem `tinyrexx.g4'.
        Trying implicit prerequisite `tinyrexx.g4.mod'.
        Trying pattern rule with stem `tinyrexx.g4.o'.
        Trying implicit prerequisite `tinyrexx.g4.o,v'.
        Trying pattern rule with stem `tinyrexx.g4.o'.
        Trying implicit prerequisite `RCS/tinyrexx.g4.o,v'.
        Trying pattern rule with stem `tinyrexx.g4.o'.
        Trying implicit prerequisite `RCS/tinyrexx.g4.o'.
        Trying pattern rule with stem `tinyrexx.g4.o'.
        Trying implicit prerequisite `s.tinyrexx.g4.o'.
        Trying pattern rule with stem `tinyrexx.g4.o'.
        Trying implicit prerequisite `SCCS/s.tinyrexx.g4.o'.
        Trying pattern rule with stem `tinyrexx.g4'.
        Trying implicit prerequisite `tinyrexx.g4.cpp'.
        Looking for a rule with intermediate file `tinyrexx.g4.cpp'.
         Avoiding implicit rule recursion.
         Avoiding implicit rule recursion.
         Trying pattern rule with stem `tinyrexx.g4.cpp'.
         Trying implicit prerequisite `tinyrexx.g4.cpp,v'.
         Trying pattern rule with stem `tinyrexx.g4.cpp'.
         Trying implicit prerequisite `RCS/tinyrexx.g4.cpp,v'.
         Trying pattern rule with stem `tinyrexx.g4.cpp'.
         Trying implicit prerequisite `RCS/tinyrexx.g4.cpp'.
         Trying pattern rule with stem `tinyrexx.g4.cpp'.
         Trying implicit prerequisite `s.tinyrexx.g4.cpp'.
         Trying pattern rule with stem `tinyrexx.g4.cpp'.
         Trying implicit prerequisite `SCCS/s.tinyrexx.g4.cpp'.
        Trying pattern rule with stem `tinyrexx.g4'.
        Trying implicit prerequisite `tinyrexx.g4.c'.
        Looking for a rule with intermediate file `tinyrexx.g4.c'.
         Avoiding implicit rule recursion.
         Avoiding implicit rule recursion.
         Trying pattern rule with stem `tinyrexx.g4'.
         Trying implicit prerequisite `tinyrexx.g4.y'.
         Trying pattern rule with stem `tinyrexx.g4'.
         Trying implicit prerequisite `tinyrexx.g4.l'.
         Trying pattern rule with stem `tinyrexx.g4'.
         Trying implicit prerequisite `tinyrexx.g4.w'.
         Trying pattern rule with stem `tinyrexx.g4'.
         Trying implicit prerequisite `tinyrexx.g4.w'.
         Trying pattern rule with stem `tinyrexx.g4.c'.
         Trying implicit prerequisite `tinyrexx.g4.c,v'.
         Trying pattern rule with stem `tinyrexx.g4.c'.
         Trying implicit prerequisite `RCS/tinyrexx.g4.c,v'.
         Trying pattern rule with stem `tinyrexx.g4.c'.
         Trying implicit prerequisite `RCS/tinyrexx.g4.c'.
         Trying pattern rule with stem `tinyrexx.g4.c'.
         Trying implicit prerequisite `s.tinyrexx.g4.c'.
         Trying pattern rule with stem `tinyrexx.g4.c'.
         Trying implicit prerequisite `SCCS/s.tinyrexx.g4.c'.
         Trying pattern rule with stem `tinyrexx.g4'.
         Trying implicit prerequisite `tinyrexx.g4.y'.
         Looking for a rule with intermediate file `tinyrexx.g4.y'.
          Avoiding implicit rule recursion.
          Avoiding implicit rule recursion.
          Avoiding implicit rule recursion.
          Trying pattern rule with stem `tinyrexx.g4.y'.
          Trying implicit prerequisite `tinyrexx.g4.y,v'.
          Trying pattern rule with stem `tinyrexx.g4.y'.
          Trying implicit prerequisite `RCS/tinyrexx.g4.y,v'.
          Trying pattern rule with stem `tinyrexx.g4.y'.
          Trying implicit prerequisite `RCS/tinyrexx.g4.y'.
          Trying pattern rule with stem `tinyrexx.g4.y'.
          Trying implicit prerequisite `s.tinyrexx.g4.y'.
          Trying pattern rule with stem `tinyrexx.g4.y'.
          Trying implicit prerequisite `SCCS/s.tinyrexx.g4.y'.
         Trying pattern rule with stem `tinyrexx.g4'.
         Trying implicit prerequisite `tinyrexx.g4.l'.
         Looking for a rule with intermediate file `tinyrexx.g4.l'.
          Avoiding implicit rule recursion.
          Avoiding implicit rule recursion.
          Avoiding implicit rule recursion.
          Trying pattern rule with stem `tinyrexx.g4.l'.
          Trying implicit prerequisite `tinyrexx.g4.l,v'.
          Trying pattern rule with stem `tinyrexx.g4.l'.
          Trying implicit prerequisite `RCS/tinyrexx.g4.l,v'.
          Trying pattern rule with stem `tinyrexx.g4.l'.
          Trying implicit prerequisite `RCS/tinyrexx.g4.l'.
          Trying pattern rule with stem `tinyrexx.g4.l'.
          Trying implicit prerequisite `s.tinyrexx.g4.l'.
          Trying pattern rule with stem `tinyrexx.g4.l'.
          Trying implicit prerequisite `SCCS/s.tinyrexx.g4.l'.
         Trying pattern rule with stem `tinyrexx.g4'.
         Trying implicit prerequisite `tinyrexx.g4.w'.
         Looking for a rule with intermediate file `tinyrexx.g4.w'.
          Avoiding implicit rule recursion.
          Avoiding implicit rule recursion.
          Avoiding implicit rule recursion.
          Trying pattern rule with stem `tinyrexx.g4.w'.
          Trying implicit prerequisite `tinyrexx.g4.w,v'.
          Trying pattern rule with stem `tinyrexx.g4.w'.
          Trying implicit prerequisite `RCS/tinyrexx.g4.w,v'.
          Trying pattern rule with stem `tinyrexx.g4.w'.
          Trying implicit prerequisite `RCS/tinyrexx.g4.w'.
          Trying pattern rule with stem `tinyrexx.g4.w'.
          Trying implicit prerequisite `s.tinyrexx.g4.w'.
          Trying pattern rule with stem `tinyrexx.g4.w'.
          Trying implicit prerequisite `SCCS/s.tinyrexx.g4.w'.
         Trying pattern rule with stem `tinyrexx.g4'.
         Rejecting impossible implicit prerequisite `tinyrexx.g4.w'.
        Trying pattern rule with stem `tinyrexx.g4'.
        Trying implicit prerequisite `tinyrexx.g4.cc'.
        Looking for a rule with intermediate file `tinyrexx.g4.cc'.
         Avoiding implicit rule recursion.
         Avoiding implicit rule recursion.
         Trying pattern rule with stem `tinyrexx.g4.cc'.
         Trying implicit prerequisite `tinyrexx.g4.cc,v'.
         Trying pattern rule with stem `tinyrexx.g4.cc'.
         Trying implicit prerequisite `RCS/tinyrexx.g4.cc,v'.
         Trying pattern rule with stem `tinyrexx.g4.cc'.
         Trying implicit prerequisite `RCS/tinyrexx.g4.cc'.
         Trying pattern rule with stem `tinyrexx.g4.cc'.
         Trying implicit prerequisite `s.tinyrexx.g4.cc'.
         Trying pattern rule with stem `tinyrexx.g4.cc'.
         Trying implicit prerequisite `SCCS/s.tinyrexx.g4.cc'.
        Trying pattern rule with stem `tinyrexx.g4'.
        Trying implicit prerequisite `tinyrexx.g4.C'.
        Looking for a rule with intermediate file `tinyrexx.g4.C'.
         Avoiding implicit rule recursion.
         Avoiding implicit rule recursion.
         Trying pattern rule with stem `tinyrexx.g4.C'.
         Trying implicit prerequisite `tinyrexx.g4.C,v'.
         Trying pattern rule with stem `tinyrexx.g4.C'.
         Trying implicit prerequisite `RCS/tinyrexx.g4.C,v'.
         Trying pattern rule with stem `tinyrexx.g4.C'.
         Trying implicit prerequisite `RCS/tinyrexx.g4.C'.
         Trying pattern rule with stem `tinyrexx.g4.C'.
         Trying implicit prerequisite `s.tinyrexx.g4.C'.
         Trying pattern rule with stem `tinyrexx.g4.C'.
         Trying implicit prerequisite `SCCS/s.tinyrexx.g4.C'.
        Trying pattern rule with stem `tinyrexx.g4'.
        Rejecting impossible implicit prerequisite `tinyrexx.g4.cpp'.
        Trying pattern rule with stem `tinyrexx.g4'.
        Trying implicit prerequisite `tinyrexx.g4.p'.
        Looking for a rule with intermediate file `tinyrexx.g4.p'.
         Avoiding implicit rule recursion.
         Avoiding implicit rule recursion.
         Trying pattern rule with stem `tinyrexx.g4'.
         Trying implicit prerequisite `tinyrexx.g4.web'.
         Trying pattern rule with stem `tinyrexx.g4.p'.
         Trying implicit prerequisite `tinyrexx.g4.p,v'.
         Trying pattern rule with stem `tinyrexx.g4.p'.
         Trying implicit prerequisite `RCS/tinyrexx.g4.p,v'.
         Trying pattern rule with stem `tinyrexx.g4.p'.
         Trying implicit prerequisite `RCS/tinyrexx.g4.p'.
         Trying pattern rule with stem `tinyrexx.g4.p'.
         Trying implicit prerequisite `s.tinyrexx.g4.p'.
         Trying pattern rule with stem `tinyrexx.g4.p'.
         Trying implicit prerequisite `SCCS/s.tinyrexx.g4.p'.
         Trying pattern rule with stem `tinyrexx.g4'.
         Trying implicit prerequisite `tinyrexx.g4.web'.
         Looking for a rule with intermediate file `tinyrexx.g4.web'.
          Avoiding implicit rule recursion.
          Avoiding implicit rule recursion.
          Avoiding implicit rule recursion.
          Trying pattern rule with stem `tinyrexx.g4.web'.
          Trying implicit prerequisite `tinyrexx.g4.web,v'.
          Trying pattern rule with stem `tinyrexx.g4.web'.
          Trying implicit prerequisite `RCS/tinyrexx.g4.web,v'.
          Trying pattern rule with stem `tinyrexx.g4.web'.
          Trying implicit prerequisite `RCS/tinyrexx.g4.web'.
          Trying pattern rule with stem `tinyrexx.g4.web'.
          Trying implicit prerequisite `s.tinyrexx.g4.web'.
          Trying pattern rule with stem `tinyrexx.g4.web'.
          Trying implicit prerequisite `SCCS/s.tinyrexx.g4.web'.
        Trying pattern rule with stem `tinyrexx.g4'.
        Trying implicit prerequisite `tinyrexx.g4.f'.
        Looking for a rule with intermediate file `tinyrexx.g4.f'.
         Avoiding implicit rule recursion.
         Avoiding implicit rule recursion.
         Trying pattern rule with stem `tinyrexx.g4'.
         Trying implicit prerequisite `tinyrexx.g4.F'.
         Trying pattern rule with stem `tinyrexx.g4'.
         Trying implicit prerequisite `tinyrexx.g4.r'.
         Trying pattern rule with stem `tinyrexx.g4.f'.
         Trying implicit prerequisite `tinyrexx.g4.f,v'.
         Trying pattern rule with stem `tinyrexx.g4.f'.
         Trying implicit prerequisite `RCS/tinyrexx.g4.f,v'.
         Trying pattern rule with stem `tinyrexx.g4.f'.
         Trying implicit prerequisite `RCS/tinyrexx.g4.f'.
         Trying pattern rule with stem `tinyrexx.g4.f'.
         Trying implicit prerequisite `s.tinyrexx.g4.f'.
         Trying pattern rule with stem `tinyrexx.g4.f'.
         Trying implicit prerequisite `SCCS/s.tinyrexx.g4.f'.
         Trying pattern rule with stem `tinyrexx.g4'.
         Trying implicit prerequisite `tinyrexx.g4.F'.
         Looking for a rule with intermediate file `tinyrexx.g4.F'.
          Avoiding implicit rule recursion.
          Avoiding implicit rule recursion.
          Avoiding implicit rule recursion.
          Trying pattern rule with stem `tinyrexx.g4.F'.
          Trying implicit prerequisite `tinyrexx.g4.F,v'.
          Trying pattern rule with stem `tinyrexx.g4.F'.
          Trying implicit prerequisite `RCS/tinyrexx.g4.F,v'.
          Trying pattern rule with stem `tinyrexx.g4.F'.
          Trying implicit prerequisite `RCS/tinyrexx.g4.F'.
          Trying pattern rule with stem `tinyrexx.g4.F'.
          Trying implicit prerequisite `s.tinyrexx.g4.F'.
          Trying pattern rule with stem `tinyrexx.g4.F'.
          Trying implicit prerequisite `SCCS/s.tinyrexx.g4.F'.
         Trying pattern rule with stem `tinyrexx.g4'.
         Trying implicit prerequisite `tinyrexx.g4.r'.
         Looking for a rule with intermediate file `tinyrexx.g4.r'.
          Avoiding implicit rule recursion.
          Avoiding implicit rule recursion.
          Avoiding implicit rule recursion.
          Trying pattern rule with stem `tinyrexx.g4'.
          Rejecting impossible implicit prerequisite `tinyrexx.g4.l'.
          Trying pattern rule with stem `tinyrexx.g4.r'.
          Trying implicit prerequisite `tinyrexx.g4.r,v'.
          Trying pattern rule with stem `tinyrexx.g4.r'.
          Trying implicit prerequisite `RCS/tinyrexx.g4.r,v'.
          Trying pattern rule with stem `tinyrexx.g4.r'.
          Trying implicit prerequisite `RCS/tinyrexx.g4.r'.
          Trying pattern rule with stem `tinyrexx.g4.r'.
          Trying implicit prerequisite `s.tinyrexx.g4.r'.
          Trying pattern rule with stem `tinyrexx.g4.r'.
          Trying implicit prerequisite `SCCS/s.tinyrexx.g4.r'.
        Trying pattern rule with stem `tinyrexx.g4'.
        Rejecting impossible implicit prerequisite `tinyrexx.g4.F'.
        Trying pattern rule with stem `tinyrexx.g4'.
        Trying implicit prerequisite `tinyrexx.g4.m'.
        Looking for a rule with intermediate file `tinyrexx.g4.m'.
         Avoiding implicit rule recursion.
         Avoiding implicit rule recursion.
         Trying pattern rule with stem `tinyrexx.g4'.
         Trying implicit prerequisite `tinyrexx.g4.ym'.
         Trying pattern rule with stem `tinyrexx.g4'.
         Trying implicit prerequisite `tinyrexx.g4.lm'.
         Trying pattern rule with stem `tinyrexx.g4.m'.
         Trying implicit prerequisite `tinyrexx.g4.m,v'.
         Trying pattern rule with stem `tinyrexx.g4.m'.
         Trying implicit prerequisite `RCS/tinyrexx.g4.m,v'.
         Trying pattern rule with stem `tinyrexx.g4.m'.
         Trying implicit prerequisite `RCS/tinyrexx.g4.m'.
         Trying pattern rule with stem `tinyrexx.g4.m'.
         Trying implicit prerequisite `s.tinyrexx.g4.m'.
         Trying pattern rule with stem `tinyrexx.g4.m'.
         Trying implicit prerequisite `SCCS/s.tinyrexx.g4.m'.
         Trying pattern rule with stem `tinyrexx.g4'.
         Trying implicit prerequisite `tinyrexx.g4.ym'.
         Looking for a rule with intermediate file `tinyrexx.g4.ym'.
          Avoiding implicit rule recursion.
          Avoiding implicit rule recursion.
          Avoiding implicit rule recursion.
          Trying pattern rule with stem `tinyrexx.g4.ym'.
          Trying implicit prerequisite `tinyrexx.g4.ym,v'.
          Trying pattern rule with stem `tinyrexx.g4.ym'.
          Trying implicit prerequisite `RCS/tinyrexx.g4.ym,v'.
          Trying pattern rule with stem `tinyrexx.g4.ym'.
          Trying implicit prerequisite `RCS/tinyrexx.g4.ym'.
          Trying pattern rule with stem `tinyrexx.g4.ym'.
          Trying implicit prerequisite `s.tinyrexx.g4.ym'.
          Trying pattern rule with stem `tinyrexx.g4.ym'.
          Trying implicit prerequisite `SCCS/s.tinyrexx.g4.ym'.
         Trying pattern rule with stem `tinyrexx.g4'.
         Trying implicit prerequisite `tinyrexx.g4.lm'.
         Looking for a rule with intermediate file `tinyrexx.g4.lm'.
          Avoiding implicit rule recursion.
          Avoiding implicit rule recursion.
          Avoiding implicit rule recursion.
          Trying pattern rule with stem `tinyrexx.g4.lm'.
          Trying implicit prerequisite `tinyrexx.g4.lm,v'.
          Trying pattern rule with stem `tinyrexx.g4.lm'.
          Trying implicit prerequisite `RCS/tinyrexx.g4.lm,v'.
          Trying pattern rule with stem `tinyrexx.g4.lm'.
          Trying implicit prerequisite `RCS/tinyrexx.g4.lm'.
          Trying pattern rule with stem `tinyrexx.g4.lm'.
          Trying implicit prerequisite `s.tinyrexx.g4.lm'.
          Trying pattern rule with stem `tinyrexx.g4.lm'.
          Trying implicit prerequisite `SCCS/s.tinyrexx.g4.lm'.
        Trying pattern rule with stem `tinyrexx.g4'.
        Rejecting impossible implicit prerequisite `tinyrexx.g4.r'.
        Trying pattern rule with stem `tinyrexx.g4'.
        Trying implicit prerequisite `tinyrexx.g4.s'.
        Looking for a rule with intermediate file `tinyrexx.g4.s'.
         Avoiding implicit rule recursion.
         Avoiding implicit rule recursion.
         Trying pattern rule with stem `tinyrexx.g4'.
         Trying implicit prerequisite `tinyrexx.g4.S'.
         Trying pattern rule with stem `tinyrexx.g4.s'.
         Trying implicit prerequisite `tinyrexx.g4.s,v'.
         Trying pattern rule with stem `tinyrexx.g4.s'.
         Trying implicit prerequisite `RCS/tinyrexx.g4.s,v'.
         Trying pattern rule with stem `tinyrexx.g4.s'.
         Trying implicit prerequisite `RCS/tinyrexx.g4.s'.
         Trying pattern rule with stem `tinyrexx.g4.s'.
         Trying implicit prerequisite `s.tinyrexx.g4.s'.
         Trying pattern rule with stem `tinyrexx.g4.s'.
         Trying implicit prerequisite `SCCS/s.tinyrexx.g4.s'.
         Trying pattern rule with stem `tinyrexx.g4'.
         Trying implicit prerequisite `tinyrexx.g4.S'.
         Looking for a rule with intermediate file `tinyrexx.g4.S'.
          Avoiding implicit rule recursion.
          Avoiding implicit rule recursion.
          Avoiding implicit rule recursion.
          Trying pattern rule with stem `tinyrexx.g4.S'.
          Trying implicit prerequisite `tinyrexx.g4.S,v'.
          Trying pattern rule with stem `tinyrexx.g4.S'.
          Trying implicit prerequisite `RCS/tinyrexx.g4.S,v'.
          Trying pattern rule with stem `tinyrexx.g4.S'.
          Trying implicit prerequisite `RCS/tinyrexx.g4.S'.
          Trying pattern rule with stem `tinyrexx.g4.S'.
          Trying implicit prerequisite `s.tinyrexx.g4.S'.
          Trying pattern rule with stem `tinyrexx.g4.S'.
          Trying implicit prerequisite `SCCS/s.tinyrexx.g4.S'.
        Trying pattern rule with stem `tinyrexx.g4'.
        Rejecting impossible implicit prerequisite `tinyrexx.g4.S'.
        Trying pattern rule with stem `tinyrexx.g4'.
        Trying implicit prerequisite `tinyrexx.g4.mod'.
        Looking for a rule with intermediate file `tinyrexx.g4.mod'.
         Avoiding implicit rule recursion.
         Avoiding implicit rule recursion.
         Trying pattern rule with stem `tinyrexx.g4.mod'.
         Trying implicit prerequisite `tinyrexx.g4.mod,v'.
         Trying pattern rule with stem `tinyrexx.g4.mod'.
         Trying implicit prerequisite `RCS/tinyrexx.g4.mod,v'.
         Trying pattern rule with stem `tinyrexx.g4.mod'.
         Trying implicit prerequisite `RCS/tinyrexx.g4.mod'.
         Trying pattern rule with stem `tinyrexx.g4.mod'.
         Trying implicit prerequisite `s.tinyrexx.g4.mod'.
         Trying pattern rule with stem `tinyrexx.g4.mod'.
         Trying implicit prerequisite `SCCS/s.tinyrexx.g4.mod'.
       Trying pattern rule with stem `tinyrexx.g4'.
       Rejecting impossible implicit prerequisite `tinyrexx.g4.c'.
       Trying pattern rule with stem `tinyrexx.g4'.
       Rejecting impossible implicit prerequisite `tinyrexx.g4.cc'.
       Trying pattern rule with stem `tinyrexx.g4'.
       Rejecting impossible implicit prerequisite `tinyrexx.g4.C'.
       Trying pattern rule with stem `tinyrexx.g4'.
       Rejecting impossible implicit prerequisite `tinyrexx.g4.cpp'.
       Trying pattern rule with stem `tinyrexx.g4'.
       Rejecting impossible implicit prerequisite `tinyrexx.g4.p'.
       Trying pattern rule with stem `tinyrexx.g4'.
       Rejecting impossible implicit prerequisite `tinyrexx.g4.f'.
       Trying pattern rule with stem `tinyrexx.g4'.
       Rejecting impossible implicit prerequisite `tinyrexx.g4.F'.
       Trying pattern rule with stem `tinyrexx.g4'.
       Rejecting impossible implicit prerequisite `tinyrexx.g4.m'.
       Trying pattern rule with stem `tinyrexx.g4'.
       Rejecting impossible implicit prerequisite `tinyrexx.g4.r'.
       Trying pattern rule with stem `tinyrexx.g4'.
       Rejecting impossible implicit prerequisite `tinyrexx.g4.s'.
       Trying pattern rule with stem `tinyrexx.g4'.
       Rejecting impossible implicit prerequisite `tinyrexx.g4.S'.
       Trying pattern rule with stem `tinyrexx.g4'.
       Rejecting impossible implicit prerequisite `tinyrexx.g4.mod'.
       Trying pattern rule with stem `tinyrexx.g4'.
       Trying implicit prerequisite `tinyrexx.g4.sh'.
       Looking for a rule with intermediate file `tinyrexx.g4.sh'.
        Avoiding implicit rule recursion.
        Trying pattern rule with stem `tinyrexx.g4.sh'.
        Trying implicit prerequisite `tinyrexx.g4.sh,v'.
        Trying pattern rule with stem `tinyrexx.g4.sh'.
        Trying implicit prerequisite `RCS/tinyrexx.g4.sh,v'.
        Trying pattern rule with stem `tinyrexx.g4.sh'.
        Trying implicit prerequisite `RCS/tinyrexx.g4.sh'.
        Trying pattern rule with stem `tinyrexx.g4.sh'.
        Trying implicit prerequisite `s.tinyrexx.g4.sh'.
        Trying pattern rule with stem `tinyrexx.g4.sh'.
        Trying implicit prerequisite `SCCS/s.tinyrexx.g4.sh'.
       No implicit rule found for `tinyrexx.g4'.
       Finished prerequisites of target file `tinyrexx.g4'.
      No need to remake target `tinyrexx.g4'.
     Finished prerequisites of target file `tinyrexxLexer.h'.
     Prerequisite `tinyrexx.g4' is older than target `tinyrexxLexer.h'.
    No need to remake target `tinyrexxLexer.h'.
    Considering target file `tinyrexxParser.h'.
      Pruning file `tinyrexx.g4'.
     Finished prerequisites of target file `tinyrexxParser.h'.
     Prerequisite `tinyrexx.g4' is older than target `tinyrexxParser.h'.
    No need to remake target `tinyrexxParser.h'.
   Finished prerequisites of target file `syncheck.o'.
   Prerequisite `syncheck.cpp' is older than target `syncheck.o'.
   Prerequisite `tinyrexxLexer.h' is older than target `syncheck.o'.
   Prerequisite `tinyrexxParser.h' is older than target `syncheck.o'.
  No need to remake target `syncheck.o'.
  Considering target file `tinyrexxParser.o'.
   File `tinyrexxParser.o' does not exist.
   Looking for an implicit rule for `tinyrexxParser.o'.
   Trying pattern rule with stem `tinyrexxParser'.
   Trying implicit prerequisite `tinyrexxParser.cpp'.
   Trying rule prerequisite `tinyrexxLexer.h'.
   Trying rule prerequisite `tinyrexxParser.h'.
   Found an implicit rule for `tinyrexxParser.o'.
    Considering target file `tinyrexxParser.cpp'.
     Looking for an implicit rule for `tinyrexxParser.cpp'.
     Trying pattern rule with stem `tinyrexxParser.cpp'.
     Trying implicit prerequisite `tinyrexxParser.cpp,v'.
     Trying pattern rule with stem `tinyrexxParser.cpp'.
     Trying implicit prerequisite `RCS/tinyrexxParser.cpp,v'.
     Trying pattern rule with stem `tinyrexxParser.cpp'.
     Trying implicit prerequisite `RCS/tinyrexxParser.cpp'.
     Trying pattern rule with stem `tinyrexxParser.cpp'.
     Trying implicit prerequisite `s.tinyrexxParser.cpp'.
     Trying pattern rule with stem `tinyrexxParser.cpp'.
     Trying implicit prerequisite `SCCS/s.tinyrexxParser.cpp'.
     No implicit rule found for `tinyrexxParser.cpp'.
     Finished prerequisites of target file `tinyrexxParser.cpp'.
    No need to remake target `tinyrexxParser.cpp'.
    Pruning file `tinyrexxLexer.h'.
    Pruning file `tinyrexxParser.h'.
   Finished prerequisites of target file `tinyrexxParser.o'.
  Must remake target `tinyrexxParser.o'.
g++ -c -o tinyrexxParser.o tinyrexxParser.cpp -std=c++11 -I /include
Putting child 0x7fc6ba701760 (tinyrexxParser.o) PID 41481 on the chain.
Live child 0x7fc6ba701760 (tinyrexxParser.o) PID 41481 
Reaping winning child 0x7fc6ba701760 PID 41481 
Removing child 0x7fc6ba701760 PID 41481 from chain.
  Successfully remade target file `tinyrexxParser.o'.
  Considering target file `tinyrexxLexer.o'.
   File `tinyrexxLexer.o' does not exist.
   Looking for an implicit rule for `tinyrexxLexer.o'.
   Trying pattern rule with stem `tinyrexxLexer'.
   Trying implicit prerequisite `tinyrexxLexer.cpp'.
   Trying rule prerequisite `tinyrexxLexer.h'.
   Trying rule prerequisite `tinyrexxParser.h'.
   Found an implicit rule for `tinyrexxLexer.o'.
    Considering target file `tinyrexxLexer.cpp'.
     Looking for an implicit rule for `tinyrexxLexer.cpp'.
     Trying pattern rule with stem `tinyrexxLexer.cpp'.
     Trying implicit prerequisite `tinyrexxLexer.cpp,v'.
     Trying pattern rule with stem `tinyrexxLexer.cpp'.
     Trying implicit prerequisite `RCS/tinyrexxLexer.cpp,v'.
     Trying pattern rule with stem `tinyrexxLexer.cpp'.
     Trying implicit prerequisite `RCS/tinyrexxLexer.cpp'.
     Trying pattern rule with stem `tinyrexxLexer.cpp'.
     Trying implicit prerequisite `s.tinyrexxLexer.cpp'.
     Trying pattern rule with stem `tinyrexxLexer.cpp'.
     Trying implicit prerequisite `SCCS/s.tinyrexxLexer.cpp'.
     No implicit rule found for `tinyrexxLexer.cpp'.
     Finished prerequisites of target file `tinyrexxLexer.cpp'.
    No need to remake target `tinyrexxLexer.cpp'.
    Pruning file `tinyrexxLexer.h'.
    Pruning file `tinyrexxParser.h'.
   Finished prerequisites of target file `tinyrexxLexer.o'.
  Must remake target `tinyrexxLexer.o'.
g++ -c -o tinyrexxLexer.o tinyrexxLexer.cpp -std=c++11 -I /include
Putting child 0x7fc6ba50c430 (tinyrexxLexer.o) PID 41489 on the chain.
Live child 0x7fc6ba50c430 (tinyrexxLexer.o) PID 41489 
Reaping winning child 0x7fc6ba50c430 PID 41489 
Removing child 0x7fc6ba50c430 PID 41489 from chain.
  Successfully remade target file `tinyrexxLexer.o'.
  Pruning file `tinyrexxLexer.h'.
  Pruning file `tinyrexxParser.h'.
 Finished prerequisites of target file `syncheck'.
Must remake target `syncheck'.
g++ -o syncheck syncheck.o tinyrexxParser.o tinyrexxLexer.o -lantlr4-runtime -L /lib
Putting child 0x7fc6ba7012f0 (syncheck) PID 41495 on the chain.
Live child 0x7fc6ba7012f0 (syncheck) PID 41495 
Reaping winning child 0x7fc6ba7012f0 PID 41495 
Removing child 0x7fc6ba7012f0 PID 41495 from chain.
Successfully remade target file `syncheck'.
